2023-10-26 14:37:45 — INFO — Running with edr=0.11.0
2023-10-26 14:37:45 — DEBUG — Running dbt --log-format json run-operation elementary.log_macro_results --args {"macro_name": "elementary_cli.get_latest_invocation", "macro_args": {}} --project-dir C:\Users\veruv\anaconda3\Lib\site-packages\elementary\monitor\dbt_project
2023-10-26 14:37:56 — DEBUG — Result bytes size for command '['dbt', '--log-format', 'json', 'run-operation', 'elementary.log_macro_results', '--args', '{"macro_name": "elementary_cli.get_latest_invocation", "macro_args": {}}', '--project-dir', 'C:\\Users\\veruv\\anaconda3\\Lib\\site-packages\\elementary\\monitor\\dbt_project']' is 4150
2023-10-26 14:37:56 — DEBUG — Running dbt --log-format json run-operation elementary.log_macro_results --args {"macro_name": "elementary_cli.get_adapter_type_and_unique_id", "macro_args": {}} --project-dir C:\Users\veruv\anaconda3\Lib\site-packages\elementary\monitor\dbt_project
2023-10-26 14:38:02 — DEBUG — Result bytes size for command '['dbt', '--log-format', 'json', 'run-operation', 'elementary.log_macro_results', '--args', '{"macro_name": "elementary_cli.get_adapter_type_and_unique_id", "macro_args": {}}', '--project-dir', 'C:\\Users\\veruv\\anaconda3\\Lib\\site-packages\\elementary\\monitor\\dbt_project']' is 1941
2023-10-26 14:38:02 — INFO — edr (0.11.0) and Elementary's dbt package (0.11.0) are compatible.
2023-10-26 14:38:02 — DEBUG — Running dbt --log-format json run-operation elementary.log_macro_results --args {"macro_name": "elementary_cli.get_elementary_database_and_schema", "macro_args": {}} --project-dir C:\Users\veruv\anaconda3\Lib\site-packages\elementary\monitor\dbt_project
2023-10-26 14:38:07 — DEBUG — Result bytes size for command '['dbt', '--log-format', 'json', 'run-operation', 'elementary.log_macro_results', '--args', '{"macro_name": "elementary_cli.get_elementary_database_and_schema", "macro_args": {}}', '--project-dir', 'C:\\Users\\veruv\\anaconda3\\Lib\\site-packages\\elementary\\monitor\\dbt_project']' is 1932
2023-10-26 14:38:07 — INFO — Elementary's database and schema: '"ONEDATA_DEV_CURATED_DB.elementary"'
2023-10-26 14:38:07 — INFO — Running dbt --log-format json run-operation elementary.log_macro_results --args {"macro_name": "elementary_cli.get_test_results", "macro_args": {"days_back": 7, "invocations_per_test": 720, "disable_passed_test_metrics": false}} --project-dir C:\Users\veruv\anaconda3\Lib\site-packages\elementary\monitor\dbt_project
2023-10-26 14:38:14 — DEBUG — Result bytes size for command '['dbt', '--log-format', 'json', 'run-operation', 'elementary.log_macro_results', '--args', '{"macro_name": "elementary_cli.get_test_results", "macro_args": {"days_back": 7, "invocations_per_test": 720, "disable_passed_test_metrics": false}}', '--project-dir', 'C:\\Users\\veruv\\anaconda3\\Lib\\site-packages\\elementary\\monitor\\dbt_project']' is 828618
2023-10-26 14:38:15 — INFO — Running dbt --log-format json run-operation elementary.log_macro_results --args {"macro_name": "elementary_cli.get_models", "macro_args": {"exclude_elementary": true}} --project-dir C:\Users\veruv\anaconda3\Lib\site-packages\elementary\monitor\dbt_project
2023-10-26 14:38:21 — DEBUG — Result bytes size for command '['dbt', '--log-format', 'json', 'run-operation', 'elementary.log_macro_results', '--args', '{"macro_name": "elementary_cli.get_models", "macro_args": {"exclude_elementary": true}}', '--project-dir', 'C:\\Users\\veruv\\anaconda3\\Lib\\site-packages\\elementary\\monitor\\dbt_project']' is 33638
2023-10-26 14:38:21 — INFO — Running dbt --log-format json run-operation elementary.log_macro_results --args {"macro_name": "elementary_cli.get_sources", "macro_args": {}} --project-dir C:\Users\veruv\anaconda3\Lib\site-packages\elementary\monitor\dbt_project
2023-10-26 14:38:27 — DEBUG — Result bytes size for command '['dbt', '--log-format', 'json', 'run-operation', 'elementary.log_macro_results', '--args', '{"macro_name": "elementary_cli.get_sources", "macro_args": {}}', '--project-dir', 'C:\\Users\\veruv\\anaconda3\\Lib\\site-packages\\elementary\\monitor\\dbt_project']' is 12715
2023-10-26 14:38:27 — INFO — Running dbt --log-format json run-operation elementary.log_macro_results --args {"macro_name": "elementary_cli.get_exposures", "macro_args": {}} --project-dir C:\Users\veruv\anaconda3\Lib\site-packages\elementary\monitor\dbt_project
2023-10-26 14:38:33 — DEBUG — Result bytes size for command '['dbt', '--log-format', 'json', 'run-operation', 'elementary.log_macro_results', '--args', '{"macro_name": "elementary_cli.get_exposures", "macro_args": {}}', '--project-dir', 'C:\\Users\\veruv\\anaconda3\\Lib\\site-packages\\elementary\\monitor\\dbt_project']' is 1862
2023-10-26 14:38:33 — INFO — Running dbt --log-format json run-operation elementary.log_macro_results --args {"macro_name": "elementary_cli.get_models_runs", "macro_args": {"days_back": 7, "exclude_elementary": true}} --project-dir C:\Users\veruv\anaconda3\Lib\site-packages\elementary\monitor\dbt_project
2023-10-26 14:38:40 — DEBUG — Result bytes size for command '['dbt', '--log-format', 'json', 'run-operation', 'elementary.log_macro_results', '--args', '{"macro_name": "elementary_cli.get_models_runs", "macro_args": {"days_back": 7, "exclude_elementary": true}}', '--project-dir', 'C:\\Users\\veruv\\anaconda3\\Lib\\site-packages\\elementary\\monitor\\dbt_project']' is 1862
2023-10-26 14:38:40 — INFO — Running dbt --log-format json run-operation elementary.log_macro_results --args {"macro_name": "elementary_cli.get_dbt_models_test_coverage", "macro_args": {}} --project-dir C:\Users\veruv\anaconda3\Lib\site-packages\elementary\monitor\dbt_project
2023-10-26 14:38:46 — DEBUG — Result bytes size for command '['dbt', '--log-format', 'json', 'run-operation', 'elementary.log_macro_results', '--args', '{"macro_name": "elementary_cli.get_dbt_models_test_coverage", "macro_args": {}}', '--project-dir', 'C:\\Users\\veruv\\anaconda3\\Lib\\site-packages\\elementary\\monitor\\dbt_project']' is 7036
2023-10-26 14:38:46 — INFO — Running dbt --log-format json run-operation elementary.log_macro_results --args {"macro_name": "elementary_cli.get_nodes_depends_on_nodes", "macro_args": {"exclude_elementary": true}} --project-dir C:\Users\veruv\anaconda3\Lib\site-packages\elementary\monitor\dbt_project
2023-10-26 14:38:52 — DEBUG — Result bytes size for command '['dbt', '--log-format', 'json', 'run-operation', 'elementary.log_macro_results', '--args', '{"macro_name": "elementary_cli.get_nodes_depends_on_nodes", "macro_args": {"exclude_elementary": true}}', '--project-dir', 'C:\\Users\\veruv\\anaconda3\\Lib\\site-packages\\elementary\\monitor\\dbt_project']' is 18198
2023-10-26 14:38:52 — INFO — Running dbt --log-format json run-operation elementary.log_macro_results --args {"macro_name": "elementary_cli.get_models_latest_invocation", "macro_args": {}} --project-dir C:\Users\veruv\anaconda3\Lib\site-packages\elementary\monitor\dbt_project
2023-10-26 14:38:58 — DEBUG — Result bytes size for command '['dbt', '--log-format', 'json', 'run-operation', 'elementary.log_macro_results', '--args', '{"macro_name": "elementary_cli.get_models_latest_invocation", "macro_args": {}}', '--project-dir', 'C:\\Users\\veruv\\anaconda3\\Lib\\site-packages\\elementary\\monitor\\dbt_project']' is 8950
2023-10-26 14:38:58 — INFO — Running dbt --log-format json run-operation elementary.log_macro_results --args {"macro_name": "elementary_cli.get_models_latest_invocations_data", "macro_args": {}} --project-dir C:\Users\veruv\anaconda3\Lib\site-packages\elementary\monitor\dbt_project
2023-10-26 14:39:04 — DEBUG — Result bytes size for command '['dbt', '--log-format', 'json', 'run-operation', 'elementary.log_macro_results', '--args', '{"macro_name": "elementary_cli.get_models_latest_invocations_data", "macro_args": {}}', '--project-dir', 'C:\\Users\\veruv\\anaconda3\\Lib\\site-packages\\elementary\\monitor\\dbt_project']' is 2702
